2026-06-15 23:22:13,510 - aqt.helper - DEBUG - helper 39404 Attempt to download checksum at https://download.qt.io/online/qtsdkrepository/windows_x86/desktop/qt6_673/Updates.xml.sha256
2026-06-15 23:22:43,424 - aqt.main - INFO - installer 37048 aqtinstall(aqt) v3.3.0 on Python 3.11.9 [CPython MSC v.1938 64 bit (AMD64)]
2026-06-15 23:22:43,425 - aqt.helper - DEBUG - helper 37048 Attempt to download checksum at https://download.qt.io/online/qtsdkrepository/windows_x86/desktop/qt6_673/Updates.xml.sha256
2026-06-15 23:22:44,852 - aqt.helper - DEBUG - helper 37688 Attempt to download checksum at https://download.qt.io/online/qtsdkrepository/windows_x86/desktop/qt6_673/qt.qt6.673.win64_mingw/6.7.3-0-202409200836qtbase-Windows-Windows_10_22H2-Mingw-Windows-Windows_10_22H2-X86_64.7z.sha256
2026-06-15 23:22:44,865 - aqt.helper - DEBUG - helper 35020 Attempt to download checksum at https://download.qt.io/online/qtsdkrepository/windows_x86/desktop/qt6_673/qt.qt6.673.win64_mingw/6.7.3-0-202409200836qtsvg-Windows-Windows_10_22H2-Mingw-Windows-Windows_10_22H2-X86_64.7z.sha256
2026-06-15 23:22:44,880 - aqt.helper - DEBUG - helper 36808 Attempt to download checksum at https://download.qt.io/online/qtsdkrepository/windows_x86/desktop/qt6_673/qt.qt6.673.win64_mingw/6.7.3-0-202409200836qtdeclarative-Windows-Windows_10_22H2-Mingw-Windows-Windows_10_22H2-X86_64.7z.sha256
2026-06-15 23:22:44,890 - aqt.helper - DEBUG - helper 37016 Attempt to download checksum at https://download.qt.io/online/qtsdkrepository/windows_x86/desktop/qt6_673/qt.qt6.673.win64_mingw/6.7.3-0-202409200836qttools-Windows-Windows_10_22H2-Mingw-Windows-Windows_10_22H2-X86_64.7z.sha256
2026-06-15 23:22:45,353 - aqt.helper - INFO - helper 37688 Downloading qtbase...
2026-06-15 23:22:45,353 - aqt.installer - DEBUG - installer 37688 Download URL: https://download.qt.io/online/qtsdkrepository/windows_x86/desktop/qt6_673/qt.qt6.673.win64_mingw/6.7.3-0-202409200836qtbase-Windows-Windows_10_22H2-Mingw-Windows-Windows_10_22H2-X86_64.7z
2026-06-15 23:22:45,363 - aqt.helper - INFO - helper 35020 Downloading qtsvg...
2026-06-15 23:22:45,363 - aqt.installer - DEBUG - installer 35020 Download URL: https://download.qt.io/online/qtsdkrepository/windows_x86/desktop/qt6_673/qt.qt6.673.win64_mingw/6.7.3-0-202409200836qtsvg-Windows-Windows_10_22H2-Mingw-Windows-Windows_10_22H2-X86_64.7z
2026-06-15 23:22:45,386 - aqt.helper - INFO - helper 37016 Downloading qttools...
2026-06-15 23:22:45,386 - aqt.helper - INFO - helper 36808 Downloading qtdeclarative...
2026-06-15 23:22:45,386 - aqt.installer - DEBUG - installer 37016 Download URL: https://download.qt.io/online/qtsdkrepository/windows_x86/desktop/qt6_673/qt.qt6.673.win64_mingw/6.7.3-0-202409200836qttools-Windows-Windows_10_22H2-Mingw-Windows-Windows_10_22H2-X86_64.7z
2026-06-15 23:22:45,386 - aqt.installer - DEBUG - installer 36808 Download URL: https://download.qt.io/online/qtsdkrepository/windows_x86/desktop/qt6_673/qt.qt6.673.win64_mingw/6.7.3-0-202409200836qtdeclarative-Windows-Windows_10_22H2-Mingw-Windows-Windows_10_22H2-X86_64.7z
2026-06-15 23:22:45,821 - aqt.helper - DEBUG - helper 37688 Asked to redirect(302) to: https://mirrors.20i.com/pub/qt.io/online/qtsdkrepository/windows_x86/desktop/qt6_673/qt.qt6.673.win64_mingw/6.7.3-0-202409200836qtbase-Windows-Windows_10_22H2-Mingw-Windows-Windows_10_22H2-X86_64.7z
2026-06-15 23:22:45,821 - aqt.helper - INFO - helper 37688 Redirected: mirrors.20i.com
2026-06-15 23:22:45,825 - aqt.helper - DEBUG - helper 35020 Asked to redirect(302) to: https://mirrors.20i.com/pub/qt.io/online/qtsdkrepository/windows_x86/desktop/qt6_673/qt.qt6.673.win64_mingw/6.7.3-0-202409200836qtsvg-Windows-Windows_10_22H2-Mingw-Windows-Windows_10_22H2-X86_64.7z
2026-06-15 23:22:45,825 - aqt.helper - INFO - helper 35020 Redirected: mirrors.20i.com
2026-06-15 23:22:45,858 - aqt.helper - DEBUG - helper 37016 Asked to redirect(302) to: https://mirrors.20i.com/pub/qt.io/online/qtsdkrepository/windows_x86/desktop/qt6_673/qt.qt6.673.win64_mingw/6.7.3-0-202409200836qttools-Windows-Windows_10_22H2-Mingw-Windows-Windows_10_22H2-X86_64.7z
2026-06-15 23:22:45,859 - aqt.helper - INFO - helper 37016 Redirected: mirrors.20i.com
2026-06-15 23:22:45,863 - aqt.helper - DEBUG - helper 36808 Asked to redirect(302) to: https://mirrors.20i.com/pub/qt.io/online/qtsdkrepository/windows_x86/desktop/qt6_673/qt.qt6.673.win64_mingw/6.7.3-0-202409200836qtdeclarative-Windows-Windows_10_22H2-Mingw-Windows-Windows_10_22H2-X86_64.7z
2026-06-15 23:22:45,863 - aqt.helper - INFO - helper 36808 Redirected: mirrors.20i.com
2026-06-15 23:22:46,364 - aqt.installer - INFO - installer 35020 Finished installation of qtsvg-Windows-Windows_10_22H2-Mingw-Windows-Windows_10_22H2-X86_64.7z in 1.50001290
2026-06-15 23:22:46,373 - aqt.helper - DEBUG - helper 35020 Attempt to download checksum at https://download.qt.io/online/qtsdkrepository/windows_x86/desktop/qt6_673/qt.qt6.673.win64_mingw/6.7.3-0-202409200836qttranslations-Windows-Windows_10_22H2-Mingw-Windows-Windows_10_22H2-X86_64.7z.sha256
2026-06-15 23:22:46,813 - aqt.helper - INFO - helper 35020 Downloading qttranslations...
2026-06-15 23:22:46,813 - aqt.installer - DEBUG - installer 35020 Download URL: https://download.qt.io/online/qtsdkrepository/windows_x86/desktop/qt6_673/qt.qt6.673.win64_mingw/6.7.3-0-202409200836qttranslations-Windows-Windows_10_22H2-Mingw-Windows-Windows_10_22H2-X86_64.7z
2026-06-15 23:22:47,293 - aqt.helper - DEBUG - helper 35020 Asked to redirect(302) to: https://mirrors.20i.com/pub/qt.io/online/qtsdkrepository/windows_x86/desktop/qt6_673/qt.qt6.673.win64_mingw/6.7.3-0-202409200836qttranslations-Windows-Windows_10_22H2-Mingw-Windows-Windows_10_22H2-X86_64.7z
2026-06-15 23:22:47,293 - aqt.helper - INFO - helper 35020 Redirected: mirrors.20i.com
2026-06-15 23:22:48,101 - aqt.installer - INFO - installer 35020 Finished installation of qttranslations-Windows-Windows_10_22H2-Mingw-Windows-Windows_10_22H2-X86_64.7z in 1.72896910
2026-06-15 23:22:48,113 - aqt.helper - DEBUG - helper 35020 Attempt to download checksum at https://download.qt.io/online/qtsdkrepository/windows_x86/desktop/qt6_673/qt.qt6.673.win64_mingw/6.7.3-0-202409200836MinGW-w64-x86_64-11.2.0-release-posix-seh-rt_v9-rev1-runtime.7z.sha256
2026-06-15 23:22:48,645 - aqt.helper - INFO - helper 35020 Downloading MinGW...
2026-06-15 23:22:48,646 - aqt.installer - DEBUG - installer 35020 Download URL: https://download.qt.io/online/qtsdkrepository/windows_x86/desktop/qt6_673/qt.qt6.673.win64_mingw/6.7.3-0-202409200836MinGW-w64-x86_64-11.2.0-release-posix-seh-rt_v9-rev1-runtime.7z
2026-06-15 23:22:48,700 - aqt.installer - INFO - installer 37016 Finished installation of qttools-Windows-Windows_10_22H2-Mingw-Windows-Windows_10_22H2-X86_64.7z in 3.81133240
2026-06-15 23:22:48,715 - aqt.helper - DEBUG - helper 37016 Attempt to download checksum at https://download.qt.io/online/qtsdkrepository/windows_x86/desktop/qt6_673/qt.qt6.673.win64_mingw/6.7.3-0-202409200836d3dcompiler_47-x64.7z.sha256
2026-06-15 23:22:49,189 - aqt.helper - DEBUG - helper 35020 Asked to redirect(302) to: https://mirrors.20i.com/pub/qt.io/online/qtsdkrepository/windows_x86/desktop/qt6_673/qt.qt6.673.win64_mingw/6.7.3-0-202409200836MinGW-w64-x86_64-11.2.0-release-posix-seh-rt_v9-rev1-runtime.7z
2026-06-15 23:22:49,189 - aqt.helper - INFO - helper 35020 Redirected: mirrors.20i.com
2026-06-15 23:22:49,240 - aqt.helper - INFO - helper 37016 Downloading d3dcompiler_47...
2026-06-15 23:22:49,240 - aqt.installer - DEBUG - installer 37016 Download URL: https://download.qt.io/online/qtsdkrepository/windows_x86/desktop/qt6_673/qt.qt6.673.win64_mingw/6.7.3-0-202409200836d3dcompiler_47-x64.7z
2026-06-15 23:22:49,728 - aqt.helper - DEBUG - helper 37016 Asked to redirect(302) to: https://mirrors.20i.com/pub/qt.io/online/qtsdkrepository/windows_x86/desktop/qt6_673/qt.qt6.673.win64_mingw/6.7.3-0-202409200836d3dcompiler_47-x64.7z
2026-06-15 23:22:49,728 - aqt.helper - INFO - helper 37016 Redirected: mirrors.20i.com
2026-06-15 23:22:49,752 - aqt.installer - INFO - installer 35020 Finished installation of MinGW-w64-x86_64-11.2.0-release-posix-seh-rt_v9-rev1-runtime.7z in 1.64062190
2026-06-15 23:22:49,763 - aqt.helper - DEBUG - helper 35020 Attempt to download checksum at https://download.qt.io/online/qtsdkrepository/windows_x86/desktop/qt6_673/qt.qt6.673.win64_mingw/6.7.3-0-202409200836opengl32sw-64-mesa_11_2_2-signed_sha256.7z.sha256
2026-06-15 23:22:50,202 - aqt.installer - INFO - installer 37688 Finished installation of qtbase-Windows-Windows_10_22H2-Mingw-Windows-Windows_10_22H2-X86_64.7z in 5.35172850
2026-06-15 23:22:50,316 - aqt.helper - INFO - helper 35020 Downloading opengl32sw...
2026-06-15 23:22:50,317 - aqt.installer - DEBUG - installer 35020 Download URL: https://download.qt.io/online/qtsdkrepository/windows_x86/desktop/qt6_673/qt.qt6.673.win64_mingw/6.7.3-0-202409200836opengl32sw-64-mesa_11_2_2-signed_sha256.7z
2026-06-15 23:22:50,358 - aqt.installer - INFO - installer 37016 Finished installation of d3dcompiler_47-x64.7z in 1.64601280
2026-06-15 23:22:50,806 - aqt.helper - DEBUG - helper 35020 Asked to redirect(302) to: https://mirrors.20i.com/pub/qt.io/online/qtsdkrepository/windows_x86/desktop/qt6_673/qt.qt6.673.win64_mingw/6.7.3-0-202409200836opengl32sw-64-mesa_11_2_2-signed_sha256.7z
2026-06-15 23:22:50,806 - aqt.helper - INFO - helper 35020 Redirected: mirrors.20i.com
2026-06-15 23:22:51,620 - aqt.installer - INFO - installer 35020 Finished installation of opengl32sw-64-mesa_11_2_2-signed_sha256.7z in 1.85775120
2026-06-15 23:22:54,987 - aqt.installer - INFO - installer 36808 Finished installation of qtdeclarative-Windows-Windows_10_22H2-Mingw-Windows-Windows_10_22H2-X86_64.7z in 10.10727320
2026-06-15 23:22:55,258 - aqt.updater - INFO - updater 37048 Patching C:\Qt\6.7.3\mingw_64\bin\qmake.exe
2026-06-15 23:22:55,260 - aqt.updater - INFO - updater 37048 Patching C:\Qt\6.7.3\mingw_64\lib\pkgconfig\Qt6Concurrent.pc
2026-06-15 23:22:55,266 - aqt.updater - INFO - updater 37048 Patching C:\Qt\6.7.3\mingw_64\lib\pkgconfig\Qt6Core.pc
2026-06-15 23:22:55,271 - aqt.updater - INFO - updater 37048 Patching C:\Qt\6.7.3\mingw_64\lib\pkgconfig\Qt6DBus.pc
2026-06-15 23:22:55,277 - aqt.updater - INFO - updater 37048 Patching C:\Qt\6.7.3\mingw_64\lib\pkgconfig\Qt6Designer.pc
2026-06-15 23:22:55,282 - aqt.updater - INFO - updater 37048 Patching C:\Qt\6.7.3\mingw_64\lib\pkgconfig\Qt6Gui.pc
2026-06-15 23:22:55,286 - aqt.updater - INFO - updater 37048 Patching C:\Qt\6.7.3\mingw_64\lib\pkgconfig\Qt6Help.pc
2026-06-15 23:22:55,292 - aqt.updater - INFO - updater 37048 Patching C:\Qt\6.7.3\mingw_64\lib\pkgconfig\Qt6LabsAnimation.pc
2026-06-15 23:22:55,297 - aqt.updater - INFO - updater 37048 Patching C:\Qt\6.7.3\mingw_64\lib\pkgconfig\Qt6LabsFolderListModel.pc
2026-06-15 23:22:55,302 - aqt.updater - INFO - updater 37048 Patching C:\Qt\6.7.3\mingw_64\lib\pkgconfig\Qt6LabsQmlModels.pc
2026-06-15 23:22:55,306 - aqt.updater - INFO - updater 37048 Patching C:\Qt\6.7.3\mingw_64\lib\pkgconfig\Qt6LabsSettings.pc
2026-06-15 23:22:55,310 - aqt.updater - INFO - updater 37048 Patching C:\Qt\6.7.3\mingw_64\lib\pkgconfig\Qt6LabsSharedImage.pc
2026-06-15 23:22:55,316 - aqt.updater - INFO - updater 37048 Patching C:\Qt\6.7.3\mingw_64\lib\pkgconfig\Qt6LabsWavefrontMesh.pc
2026-06-15 23:22:55,322 - aqt.updater - INFO - updater 37048 Patching C:\Qt\6.7.3\mingw_64\lib\pkgconfig\Qt6Linguist.pc
2026-06-15 23:22:55,327 - aqt.updater - INFO - updater 37048 Patching C:\Qt\6.7.3\mingw_64\lib\pkgconfig\Qt6Network.pc
2026-06-15 23:22:55,333 - aqt.updater - INFO - updater 37048 Patching C:\Qt\6.7.3\mingw_64\lib\pkgconfig\Qt6OpenGL.pc
2026-06-15 23:22:55,338 - aqt.updater - INFO - updater 37048 Patching C:\Qt\6.7.3\mingw_64\lib\pkgconfig\Qt6OpenGLWidgets.pc
2026-06-15 23:22:55,343 - aqt.updater - INFO - updater 37048 Patching C:\Qt\6.7.3\mingw_64\lib\pkgconfig\Qt6Platform.pc
2026-06-15 23:22:55,349 - aqt.updater - INFO - updater 37048 Patching C:\Qt\6.7.3\mingw_64\lib\pkgconfig\Qt6PrintSupport.pc
2026-06-15 23:22:55,354 - aqt.updater - INFO - updater 37048 Patching C:\Qt\6.7.3\mingw_64\lib\pkgconfig\Qt6Qml.pc
2026-06-15 23:22:55,359 - aqt.updater - INFO - updater 37048 Patching C:\Qt\6.7.3\mingw_64\lib\pkgconfig\Qt6QmlBuiltins.pc
2026-06-15 23:22:55,364 - aqt.updater - INFO - updater 37048 Patching C:\Qt\6.7.3\mingw_64\lib\pkgconfig\Qt6QmlCompiler.pc
2026-06-15 23:22:55,369 - aqt.updater - INFO - updater 37048 Patching C:\Qt\6.7.3\mingw_64\lib\pkgconfig\Qt6QmlCore.pc
2026-06-15 23:22:55,374 - aqt.updater - INFO - updater 37048 Patching C:\Qt\6.7.3\mingw_64\lib\pkgconfig\Qt6QmlIntegration.pc
2026-06-15 23:22:55,379 - aqt.updater - INFO - updater 37048 Patching C:\Qt\6.7.3\mingw_64\lib\pkgconfig\Qt6QmlLocalStorage.pc
2026-06-15 23:22:55,383 - aqt.updater - INFO - updater 37048 Patching C:\Qt\6.7.3\mingw_64\lib\pkgconfig\Qt6QmlModels.pc
2026-06-15 23:22:55,388 - aqt.updater - INFO - updater 37048 Patching C:\Qt\6.7.3\mingw_64\lib\pkgconfig\Qt6QmlNetwork.pc
2026-06-15 23:22:55,393 - aqt.updater - INFO - updater 37048 Patching C:\Qt\6.7.3\mingw_64\lib\pkgconfig\Qt6QmlWorkerScript.pc
2026-06-15 23:22:55,398 - aqt.updater - INFO - updater 37048 Patching C:\Qt\6.7.3\mingw_64\lib\pkgconfig\Qt6QmlXmlListModel.pc
2026-06-15 23:22:55,402 - aqt.updater - INFO - updater 37048 Patching C:\Qt\6.7.3\mingw_64\lib\pkgconfig\Qt6Quick.pc
2026-06-15 23:22:55,407 - aqt.updater - INFO - updater 37048 Patching C:\Qt\6.7.3\mingw_64\lib\pkgconfig\Qt6QuickControls2.pc
2026-06-15 23:22:55,412 - aqt.updater - INFO - updater 37048 Patching C:\Qt\6.7.3\mingw_64\lib\pkgconfig\Qt6QuickControls2Basic.pc
2026-06-15 23:22:55,417 - aqt.updater - INFO - updater 37048 Patching C:\Qt\6.7.3\mingw_64\lib\pkgconfig\Qt6QuickControls2BasicStyleImpl.pc
2026-06-15 23:22:55,421 - aqt.updater - INFO - updater 37048 Patching C:\Qt\6.7.3\mingw_64\lib\pkgconfig\Qt6QuickControls2Fusion.pc
2026-06-15 23:22:55,425 - aqt.updater - INFO - updater 37048 Patching C:\Qt\6.7.3\mingw_64\lib\pkgconfig\Qt6QuickControls2FusionStyleImpl.pc
2026-06-15 23:22:55,430 - aqt.updater - INFO - updater 37048 Patching C:\Qt\6.7.3\mingw_64\lib\pkgconfig\Qt6QuickControls2Imagine.pc
2026-06-15 23:22:55,435 - aqt.updater - INFO - updater 37048 Patching C:\Qt\6.7.3\mingw_64\lib\pkgconfig\Qt6QuickControls2ImagineStyleImpl.pc
2026-06-15 23:22:55,440 - aqt.updater - INFO - updater 37048 Patching C:\Qt\6.7.3\mingw_64\lib\pkgconfig\Qt6QuickControls2Impl.pc
2026-06-15 23:22:55,445 - aqt.updater - INFO - updater 37048 Patching C:\Qt\6.7.3\mingw_64\lib\pkgconfig\Qt6QuickControls2Material.pc
2026-06-15 23:22:55,449 - aqt.updater - INFO - updater 37048 Patching C:\Qt\6.7.3\mingw_64\lib\pkgconfig\Qt6QuickControls2MaterialStyleImpl.pc
2026-06-15 23:22:55,454 - aqt.updater - INFO - updater 37048 Patching C:\Qt\6.7.3\mingw_64\lib\pkgconfig\Qt6QuickControls2Universal.pc
2026-06-15 23:22:55,459 - aqt.updater - INFO - updater 37048 Patching C:\Qt\6.7.3\mingw_64\lib\pkgconfig\Qt6QuickControls2UniversalStyleImpl.pc
2026-06-15 23:22:55,464 - aqt.updater - INFO - updater 37048 Patching C:\Qt\6.7.3\mingw_64\lib\pkgconfig\Qt6QuickControls2WindowsStyleImpl.pc
2026-06-15 23:22:55,469 - aqt.updater - INFO - updater 37048 Patching C:\Qt\6.7.3\mingw_64\lib\pkgconfig\Qt6QuickDialogs2.pc
2026-06-15 23:22:55,474 - aqt.updater - INFO - updater 37048 Patching C:\Qt\6.7.3\mingw_64\lib\pkgconfig\Qt6QuickDialogs2QuickImpl.pc
2026-06-15 23:22:55,479 - aqt.updater - INFO - updater 37048 Patching C:\Qt\6.7.3\mingw_64\lib\pkgconfig\Qt6QuickDialogs2Utils.pc
2026-06-15 23:22:55,483 - aqt.updater - INFO - updater 37048 Patching C:\Qt\6.7.3\mingw_64\lib\pkgconfig\Qt6QuickLayouts.pc
2026-06-15 23:22:55,488 - aqt.updater - INFO - updater 37048 Patching C:\Qt\6.7.3\mingw_64\lib\pkgconfig\Qt6QuickTemplates2.pc
2026-06-15 23:22:55,494 - aqt.updater - INFO - updater 37048 Patching C:\Qt\6.7.3\mingw_64\lib\pkgconfig\Qt6QuickTest.pc
2026-06-15 23:22:55,499 - aqt.updater - INFO - updater 37048 Patching C:\Qt\6.7.3\mingw_64\lib\pkgconfig\Qt6QuickWidgets.pc
2026-06-15 23:22:55,503 - aqt.updater - INFO - updater 37048 Patching C:\Qt\6.7.3\mingw_64\lib\pkgconfig\Qt6Sql.pc
2026-06-15 23:22:55,508 - aqt.updater - INFO - updater 37048 Patching C:\Qt\6.7.3\mingw_64\lib\pkgconfig\Qt6Svg.pc
2026-06-15 23:22:55,513 - aqt.updater - INFO - updater 37048 Patching C:\Qt\6.7.3\mingw_64\lib\pkgconfig\Qt6SvgWidgets.pc
2026-06-15 23:22:55,518 - aqt.updater - INFO - updater 37048 Patching C:\Qt\6.7.3\mingw_64\lib\pkgconfig\Qt6Test.pc
2026-06-15 23:22:55,522 - aqt.updater - INFO - updater 37048 Patching C:\Qt\6.7.3\mingw_64\lib\pkgconfig\Qt6UiPlugin.pc
2026-06-15 23:22:55,527 - aqt.updater - INFO - updater 37048 Patching C:\Qt\6.7.3\mingw_64\lib\pkgconfig\Qt6UiTools.pc
2026-06-15 23:22:55,532 - aqt.updater - INFO - updater 37048 Patching C:\Qt\6.7.3\mingw_64\lib\pkgconfig\Qt6Widgets.pc
2026-06-15 23:22:55,536 - aqt.updater - INFO - updater 37048 Patching C:\Qt\6.7.3\mingw_64\lib\pkgconfig\Qt6Xml.pc
2026-06-15 23:22:55,542 - aqt.updater - INFO - updater 37048 Patching C:\Qt\6.7.3\mingw_64\lib\Qt6Concurrent.prl
2026-06-15 23:22:55,546 - aqt.updater - INFO - updater 37048 Patching C:\Qt\6.7.3\mingw_64\lib\Qt6Core.prl
2026-06-15 23:22:55,551 - aqt.updater - INFO - updater 37048 Patching C:\Qt\6.7.3\mingw_64\lib\Qt6DBus.prl
2026-06-15 23:22:55,556 - aqt.updater - INFO - updater 37048 Patching C:\Qt\6.7.3\mingw_64\lib\Qt6Designer.prl
2026-06-15 23:22:55,560 - aqt.updater - INFO - updater 37048 Patching C:\Qt\6.7.3\mingw_64\lib\Qt6DesignerComponents.prl
2026-06-15 23:22:55,565 - aqt.updater - INFO - updater 37048 Patching C:\Qt\6.7.3\mingw_64\lib\Qt6DeviceDiscoverySupport.prl
2026-06-15 23:22:55,570 - aqt.updater - INFO - updater 37048 Patching C:\Qt\6.7.3\mingw_64\lib\Qt6EntryPoint.prl
2026-06-15 23:22:55,574 - aqt.updater - INFO - updater 37048 Patching C:\Qt\6.7.3\mingw_64\lib\Qt6ExampleIcons.prl
2026-06-15 23:22:55,580 - aqt.updater - INFO - updater 37048 Patching C:\Qt\6.7.3\mingw_64\lib\Qt6FbSupport.prl
2026-06-15 23:22:55,584 - aqt.updater - INFO - updater 37048 Patching C:\Qt\6.7.3\mingw_64\lib\Qt6Gui.prl
2026-06-15 23:22:55,589 - aqt.updater - INFO - updater 37048 Patching C:\Qt\6.7.3\mingw_64\lib\Qt6Help.prl
2026-06-15 23:22:55,594 - aqt.updater - INFO - updater 37048 Patching C:\Qt\6.7.3\mingw_64\lib\Qt6LabsAnimation.prl
2026-06-15 23:22:55,598 - aqt.updater - INFO - updater 37048 Patching C:\Qt\6.7.3\mingw_64\lib\Qt6LabsFolderListModel.prl
2026-06-15 23:22:55,603 - aqt.updater - INFO - updater 37048 Patching C:\Qt\6.7.3\mingw_64\lib\Qt6LabsQmlModels.prl
2026-06-15 23:22:55,607 - aqt.updater - INFO - updater 37048 Patching C:\Qt\6.7.3\mingw_64\lib\Qt6LabsSettings.prl
2026-06-15 23:22:55,611 - aqt.updater - INFO - updater 37048 Patching C:\Qt\6.7.3\mingw_64\lib\Qt6LabsSharedImage.prl
2026-06-15 23:22:55,616 - aqt.updater - INFO - updater 37048 Patching C:\Qt\6.7.3\mingw_64\lib\Qt6LabsWavefrontMesh.prl
2026-06-15 23:22:55,620 - aqt.updater - INFO - updater 37048 Patching C:\Qt\6.7.3\mingw_64\lib\Qt6Network.prl
2026-06-15 23:22:55,625 - aqt.updater - INFO - updater 37048 Patching C:\Qt\6.7.3\mingw_64\lib\Qt6OpenGL.prl
2026-06-15 23:22:55,630 - aqt.updater - INFO - updater 37048 Patching C:\Qt\6.7.3\mingw_64\lib\Qt6OpenGLWidgets.prl
2026-06-15 23:22:55,634 - aqt.updater - INFO - updater 37048 Patching C:\Qt\6.7.3\mingw_64\lib\Qt6PacketProtocol.prl
2026-06-15 23:22:55,639 - aqt.updater - INFO - updater 37048 Patching C:\Qt\6.7.3\mingw_64\lib\Qt6PrintSupport.prl
2026-06-15 23:22:55,644 - aqt.updater - INFO - updater 37048 Patching C:\Qt\6.7.3\mingw_64\lib\Qt6Qml.prl
2026-06-15 23:22:55,649 - aqt.updater - INFO - updater 37048 Patching C:\Qt\6.7.3\mingw_64\lib\Qt6QmlBuiltins.prl
2026-06-15 23:22:55,653 - aqt.updater - INFO - updater 37048 Patching C:\Qt\6.7.3\mingw_64\lib\Qt6QmlCompiler.prl
2026-06-15 23:22:55,657 - aqt.updater - INFO - updater 37048 Patching C:\Qt\6.7.3\mingw_64\lib\Qt6QmlCore.prl
2026-06-15 23:22:55,662 - aqt.updater - INFO - updater 37048 Patching C:\Qt\6.7.3\mingw_64\lib\Qt6QmlDebug.prl
2026-06-15 23:22:55,667 - aqt.updater - INFO - updater 37048 Patching C:\Qt\6.7.3\mingw_64\lib\Qt6QmlDom.prl
2026-06-15 23:22:55,671 - aqt.updater - INFO - updater 37048 Patching C:\Qt\6.7.3\mingw_64\lib\Qt6QmlLocalStorage.prl
2026-06-15 23:22:55,676 - aqt.updater - INFO - updater 37048 Patching C:\Qt\6.7.3\mingw_64\lib\Qt6QmlLS.prl
2026-06-15 23:22:55,681 - aqt.updater - INFO - updater 37048 Patching C:\Qt\6.7.3\mingw_64\lib\Qt6QmlModels.prl
2026-06-15 23:22:55,687 - aqt.updater - INFO - updater 37048 Patching C:\Qt\6.7.3\mingw_64\lib\Qt6QmlNetwork.prl
2026-06-15 23:22:55,692 - aqt.updater - INFO - updater 37048 Patching C:\Qt\6.7.3\mingw_64\lib\Qt6QmlToolingSettings.prl
2026-06-15 23:22:55,698 - aqt.updater - INFO - updater 37048 Patching C:\Qt\6.7.3\mingw_64\lib\Qt6QmlTypeRegistrar.prl
2026-06-15 23:22:55,703 - aqt.updater - INFO - updater 37048 Patching C:\Qt\6.7.3\mingw_64\lib\Qt6QmlWorkerScript.prl
2026-06-15 23:22:55,709 - aqt.updater - INFO - updater 37048 Patching C:\Qt\6.7.3\mingw_64\lib\Qt6QmlXmlListModel.prl
2026-06-15 23:22:55,714 - aqt.updater - INFO - updater 37048 Patching C:\Qt\6.7.3\mingw_64\lib\Qt6Quick.prl
2026-06-15 23:22:55,719 - aqt.updater - INFO - updater 37048 Patching C:\Qt\6.7.3\mingw_64\lib\Qt6QuickControls2.prl
2026-06-15 23:22:55,725 - aqt.updater - INFO - updater 37048 Patching C:\Qt\6.7.3\mingw_64\lib\Qt6QuickControls2Basic.prl
2026-06-15 23:22:55,729 - aqt.updater - INFO - updater 37048 Patching C:\Qt\6.7.3\mingw_64\lib\Qt6QuickControls2BasicStyleImpl.prl
2026-06-15 23:22:55,734 - aqt.updater - INFO - updater 37048 Patching C:\Qt\6.7.3\mingw_64\lib\Qt6QuickControls2Fusion.prl
2026-06-15 23:22:55,739 - aqt.updater - INFO - updater 37048 Patching C:\Qt\6.7.3\mingw_64\lib\Qt6QuickControls2FusionStyleImpl.prl
2026-06-15 23:22:55,744 - aqt.updater - INFO - updater 37048 Patching C:\Qt\6.7.3\mingw_64\lib\Qt6QuickControls2Imagine.prl
2026-06-15 23:22:55,749 - aqt.updater - INFO - updater 37048 Patching C:\Qt\6.7.3\mingw_64\lib\Qt6QuickControls2ImagineStyleImpl.prl
2026-06-15 23:22:55,753 - aqt.updater - INFO - updater 37048 Patching C:\Qt\6.7.3\mingw_64\lib\Qt6QuickControls2Impl.prl
2026-06-15 23:22:55,758 - aqt.updater - INFO - updater 37048 Patching C:\Qt\6.7.3\mingw_64\lib\Qt6QuickControls2Material.prl
2026-06-15 23:22:55,763 - aqt.updater - INFO - updater 37048 Patching C:\Qt\6.7.3\mingw_64\lib\Qt6QuickControls2MaterialStyleImpl.prl
2026-06-15 23:22:55,767 - aqt.updater - INFO - updater 37048 Patching C:\Qt\6.7.3\mingw_64\lib\Qt6QuickControls2Universal.prl
2026-06-15 23:22:55,772 - aqt.updater - INFO - updater 37048 Patching C:\Qt\6.7.3\mingw_64\lib\Qt6QuickControls2UniversalStyleImpl.prl
2026-06-15 23:22:55,776 - aqt.updater - INFO - updater 37048 Patching C:\Qt\6.7.3\mingw_64\lib\Qt6QuickControls2WindowsStyleImpl.prl
2026-06-15 23:22:55,781 - aqt.updater - INFO - updater 37048 Patching C:\Qt\6.7.3\mingw_64\lib\Qt6QuickControlsTestUtils.prl
2026-06-15 23:22:55,786 - aqt.updater - INFO - updater 37048 Patching C:\Qt\6.7.3\mingw_64\lib\Qt6QuickDialogs2.prl
2026-06-15 23:22:55,790 - aqt.updater - INFO - updater 37048 Patching C:\Qt\6.7.3\mingw_64\lib\Qt6QuickDialogs2QuickImpl.prl
2026-06-15 23:22:55,795 - aqt.updater - INFO - updater 37048 Patching C:\Qt\6.7.3\mingw_64\lib\Qt6QuickDialogs2Utils.prl
2026-06-15 23:22:55,799 - aqt.updater - INFO - updater 37048 Patching C:\Qt\6.7.3\mingw_64\lib\Qt6QuickEffects.prl
2026-06-15 23:22:55,803 - aqt.updater - INFO - updater 37048 Patching C:\Qt\6.7.3\mingw_64\lib\Qt6QuickLayouts.prl
2026-06-15 23:22:55,809 - aqt.updater - INFO - updater 37048 Patching C:\Qt\6.7.3\mingw_64\lib\Qt6QuickParticles.prl
2026-06-15 23:22:55,813 - aqt.updater - INFO - updater 37048 Patching C:\Qt\6.7.3\mingw_64\lib\Qt6QuickShapes.prl
2026-06-15 23:22:55,817 - aqt.updater - INFO - updater 37048 Patching C:\Qt\6.7.3\mingw_64\lib\Qt6QuickTemplates2.prl
2026-06-15 23:22:55,822 - aqt.updater - INFO - updater 37048 Patching C:\Qt\6.7.3\mingw_64\lib\Qt6QuickTest.prl
2026-06-15 23:22:55,826 - aqt.updater - INFO - updater 37048 Patching C:\Qt\6.7.3\mingw_64\lib\Qt6QuickTestUtils.prl
2026-06-15 23:22:55,831 - aqt.updater - INFO - updater 37048 Patching C:\Qt\6.7.3\mingw_64\lib\Qt6QuickWidgets.prl
2026-06-15 23:22:55,836 - aqt.updater - INFO - updater 37048 Patching C:\Qt\6.7.3\mingw_64\lib\Qt6Sql.prl
2026-06-15 23:22:55,841 - aqt.updater - INFO - updater 37048 Patching C:\Qt\6.7.3\mingw_64\lib\Qt6Svg.prl
2026-06-15 23:22:55,846 - aqt.updater - INFO - updater 37048 Patching C:\Qt\6.7.3\mingw_64\lib\Qt6SvgWidgets.prl
2026-06-15 23:22:55,851 - aqt.updater - INFO - updater 37048 Patching C:\Qt\6.7.3\mingw_64\lib\Qt6Test.prl
2026-06-15 23:22:55,855 - aqt.updater - INFO - updater 37048 Patching C:\Qt\6.7.3\mingw_64\lib\Qt6UiTools.prl
2026-06-15 23:22:55,859 - aqt.updater - INFO - updater 37048 Patching C:\Qt\6.7.3\mingw_64\lib\Qt6Widgets.prl
2026-06-15 23:22:55,864 - aqt.updater - INFO - updater 37048 Patching C:\Qt\6.7.3\mingw_64\lib\Qt6Xml.prl
2026-06-15 23:22:55,869 - aqt.main - INFO - installer 37048 Finished installation
2026-06-15 23:22:55,869 - aqt.main - INFO - installer 37048 Time elapsed: 12.44461620 second
2026-06-15 23:23:05,350 - aqt.main - INFO - installer 30672 aqtinstall(aqt) v3.3.0 on Python 3.11.9 [CPython MSC v.1938 64 bit (AMD64)]
2026-06-15 23:23:05,350 - aqt.helper - DEBUG - helper 30672 Attempt to download checksum at https://download.qt.io/online/qtsdkrepository/windows_x86/desktop/tools_mingw1310/Updates.xml.sha256
2026-06-15 23:23:06,276 - aqt.helper - DEBUG - helper 30672 Attempt to download checksum at https://download.qt.io/online/qtsdkrepository/windows_x86/desktop/tools_mingw1310/Updates.xml.sha256
2026-06-15 23:23:07,580 - aqt.helper - DEBUG - helper 38788 Attempt to download checksum at https://download.qt.io/online/qtsdkrepository/windows_x86/desktop/tools_mingw1310/qt.tools.win64_mingw1310/13.1.0-202407240918mingw1310.7z.sha256
2026-06-15 23:23:08,023 - aqt.helper - INFO - helper 38788 Downloading qt.tools.win64_mingw1310...
2026-06-15 23:23:08,023 - aqt.installer - DEBUG - installer 38788 Download URL: https://download.qt.io/online/qtsdkrepository/windows_x86/desktop/tools_mingw1310/qt.tools.win64_mingw1310/13.1.0-202407240918mingw1310.7z
2026-06-15 23:23:08,443 - aqt.helper - DEBUG - helper 38788 Asked to redirect(302) to: https://mirrors.20i.com/pub/qt.io/online/qtsdkrepository/windows_x86/desktop/tools_mingw1310/qt.tools.win64_mingw1310/13.1.0-202407240918mingw1310.7z
2026-06-15 23:23:08,443 - aqt.helper - INFO - helper 38788 Redirected: mirrors.20i.com
2026-06-15 23:23:25,729 - aqt.installer - INFO - installer 38788 Finished installation of mingw1310.7z in 18.14989070
2026-06-15 23:23:25,820 - aqt.main - INFO - installer 30672 Finished installation
2026-06-15 23:23:25,820 - aqt.main - INFO - installer 30672 Time elapsed: 20.47047860 second
2026-06-15 23:23:31,594 - aqt.main - INFO - installer 36592 aqtinstall(aqt) v3.3.0 on Python 3.11.9 [CPython MSC v.1938 64 bit (AMD64)]
2026-06-15 23:23:31,595 - aqt.helper - DEBUG - helper 36592 Attempt to download checksum at https://download.qt.io/online/qtsdkrepository/windows_x86/desktop/tools_cmake/Updates.xml.sha256
2026-06-15 23:23:32,454 - aqt.helper - DEBUG - helper 36592 Attempt to download checksum at https://download.qt.io/online/qtsdkrepository/windows_x86/desktop/tools_cmake/Updates.xml.sha256
2026-06-15 23:23:33,756 - aqt.helper - DEBUG - helper 26104 Attempt to download checksum at https://download.qt.io/online/qtsdkrepository/windows_x86/desktop/tools_cmake/qt.tools.cmake/3.30.5-202502251255windows64_x64_cmake_tools.7z.sha256
2026-06-15 23:23:34,198 - aqt.helper - INFO - helper 26104 Downloading qt.tools.cmake...
2026-06-15 23:23:34,198 - aqt.installer - DEBUG - installer 26104 Download URL: https://download.qt.io/online/qtsdkrepository/windows_x86/desktop/tools_cmake/qt.tools.cmake/3.30.5-202502251255windows64_x64_cmake_tools.7z
2026-06-15 23:23:34,621 - aqt.helper - DEBUG - helper 26104 Asked to redirect(302) to: https://mirrors.20i.com/pub/qt.io/online/qtsdkrepository/windows_x86/desktop/tools_cmake/qt.tools.cmake/3.30.5-202502251255windows64_x64_cmake_tools.7z
2026-06-15 23:23:34,621 - aqt.helper - INFO - helper 26104 Redirected: mirrors.20i.com
2026-06-15 23:23:40,514 - aqt.installer - INFO - installer 26104 Finished installation of windows64_x64_cmake_tools.7z in 6.75976350
2026-06-15 23:23:40,577 - aqt.main - INFO - installer 36592 Finished installation
2026-06-15 23:23:40,577 - aqt.main - INFO - installer 36592 Time elapsed: 8.98293310 second
